
     | | | | | | |
   _________________
  -|               |-
  -|               |-
  -|               |-
  -|    CYPRESS    |-
  -|               |-
  -|               |-   Warp VHDL Synthesis Compiler: Version 6.2 IR 28.4
  -|               |-   Copyright (C) 1991-2001 Cypress Semiconductor
   |_______________|
     | | | | | | |

======================================================================
Compiling:  COMP.VHD
Options:    -yu -e10 -w100 -o2 -ygs -fO -fP -v10 -dc37256v -pcy37256vp160-100ac -b COMP.VHD -u procesador.hie -uch0000
======================================================================

vhdlfe V6.2 IR 27:  VHDL parser
Tue Nov 12 10:40:38 2002

Library 'work' => directory 'lc37256v'
Linking 'C:\CYPRESS\WARP\bin\std.vhd'.
Linking 'C:\CYPRESS\WARP\lib\common\cypress.vhd'.
Linking 'C:\CYPRESS\WARP\lib\common\work\cypress.vif'.
Library 'ieee' => directory 'C:\CYPRESS\WARP\lib\ieee\work'
Linking 'C:\CYPRESS\WARP\lib\ieee\work\stdlogic.vif'.
Linking 'C:\CYPRESS\WARP\lib\common\stdlogic\lpmpkg.vif'.
Linking 'C:\CYPRESS\WARP\lib\common\stdlogic\rtlpkg.vif'.
Linking 'C:\CYPRESS\WARP\lib\common\stdlogic\mod_cnst.vif'.
Linking 'C:\CYPRESS\WARP\lib\common\stdlogic\mod_mth.vif'.
Linking 'C:\CYPRESS\WARP\lib\common\stdlogic\mod_gen.vif'.
COMP.VHD (line 4, col 18):  (E371) Can't find 'comp' in library 'work' with path 'lc37256v'.
COMP.VHD (line 27, col 15):  Abort:  (E34) Undeclared name:  alu4
