
     | | | | | | |
   _________________
  -|               |-
  -|               |-
  -|               |-
  -|    CYPRESS    |-
  -|               |-
  -|               |-   Warp VHDL Synthesis Compiler: Version 6.0.1 IR 18
  -|               |-   Copyright (C) 1991-2000 Cypress Semiconductor
   |_______________|
     | | | | | | |

======================================================================
Options:    -swork lc37256
======================================================================

vhdlfe V6.0.1 IR 18:  VHDL parser
Thu Nov 07 18:16:45 2002

Setting library 'work' to directory 'lc37256'

vhdlfe:  No errors.


vhdlfe V6.2 IR 27:  VHDL parser
Fri Nov 08 20:20:02 2002

Setting library 'work' to directory 'lc37256'

vhdlfe:  No errors.


vhdlfe V6.2 IR 27:  VHDL parser
Fri Nov 08 20:20:09 2002

Setting library 'work' to directory 'lc37256'

vhdlfe:  No errors.


vhdlfe V6.2 IR 27:  VHDL parser
Fri Nov 08 20:20:56 2002

Setting library 'work' to directory 'lc37256'

vhdlfe:  No errors.


vhdlfe V6.2 IR 27:  VHDL parser
Fri Nov 08 20:26:20 2002

Setting library 'work' to directory 'lc37256'

vhdlfe:  No errors.


vhdlfe V6.2 IR 27:  VHDL parser
Fri Nov 08 20:26:31 2002

Setting library 'work' to directory 'lc37256'

vhdlfe:  No errors.


vhdlfe V6.2 IR 27:  VHDL parser
Fri Nov 08 20:27:05 2002

Setting library 'work' to directory 'lc37256'

vhdlfe:  No errors.


vhdlfe V6.2 IR 27:  VHDL parser
Fri Nov 08 20:28:19 2002

Setting library 'work' to directory 'lc37256'

vhdlfe:  No errors.


vhdlfe V6.2 IR 27:  VHDL parser
Fri Nov 08 20:28:48 2002

Setting library 'work' to directory 'lc37256'

vhdlfe:  No errors.


vhdlfe V6.2 IR 27:  VHDL parser
Fri Nov 08 20:29:54 2002

Setting library 'work' to directory 'lc37256'

vhdlfe:  No errors.


vhdlfe V6.2 IR 27:  VHDL parser
Fri Nov 08 20:35:11 2002

Setting library 'work' to directory 'lc37256'

vhdlfe:  No errors.


vhdlfe V6.2 IR 27:  VHDL parser
Fri Nov 08 20:39:20 2002

Setting library 'work' to directory 'lc37256'

vhdlfe:  No errors.


vhdlfe V6.2 IR 27:  VHDL parser
Fri Nov 08 20:39:53 2002

Setting library 'work' to directory 'lc37256'

vhdlfe:  No errors.


vhdlfe V6.2 IR 27:  VHDL parser
Fri Nov 08 20:41:18 2002

Setting library 'work' to directory 'lc37256'

vhdlfe:  No errors.


vhdlfe V6.2 IR 27:  VHDL parser
Fri Nov 08 20:42:19 2002

Setting library 'work' to directory 'lc37256'

vhdlfe:  No errors.


vhdlfe V6.2 IR 27:  VHDL parser
Fri Nov 08 20:42:30 2002

Setting library 'work' to directory 'lc37256'

vhdlfe:  No errors.


vhdlfe V6.2 IR 27:  VHDL parser
Fri Nov 08 20:42:45 2002

Setting library 'work' to directory 'lc37256'

vhdlfe:  No errors.


vhdlfe V6.2 IR 27:  VHDL parser
Fri Nov 08 20:45:50 2002

Setting library 'work' to directory 'lc37256'

vhdlfe:  No errors.


vhdlfe V6.2 IR 27:  VHDL parser
Fri Nov 08 20:46:04 2002

Setting library 'work' to directory 'lc37256'

vhdlfe:  No errors.


vhdlfe V6.2 IR 27:  VHDL parser
Tue Nov 12 10:39:41 2002

Setting library 'work' to directory 'lc37256'

vhdlfe:  No errors.


vhdlfe V6.2 IR 27:  VHDL parser
Tue Nov 12 10:39:47 2002

Setting library 'work' to directory 'lc37256'

vhdlfe:  No errors.


vhdlfe V6.2 IR 27:  VHDL parser
Tue Nov 12 10:39:52 2002

Setting library 'work' to directory 'lc37256'

vhdlfe:  No errors.


vhdlfe V6.2 IR 27:  VHDL parser
Tue Nov 12 10:40:37 2002

Setting library 'work' to directory 'lc37256v'

vhdlfe:  No errors.


vhdlfe V6.2 IR 27:  VHDL parser
Tue Nov 12 10:40:43 2002

Setting library 'work' to directory 'lc37256v'

vhdlfe:  No errors.

