
-- ISR Log File : Wed Feb 27 14:49:51 2002
--
Generating configuration file...
Warning: Row 2 - Device not selected. Skipping this device row.
Warning: Row 3 - Device not selected. Skipping this device row.
Warning: Row 4 - Device not selected. Skipping this device row.
Warning: Row 5 - Device not selected. Skipping this device row.
Error(s) 0, Warning(s) 4

Calling dependency checker...
C:\ARCHIVOS DE PROGRAMA\CYPRESS\ISR PROGRAMMING SOFTWARE VERSION 3.0\bin\compose.exe -d "MUX21.cfg" 
STAPL Composer Version 3.0.0.64
Copyright (C) 2000-2001 Cypress Semiconductor

Reading configuration file 'MUX21.cfg' ...
Composing STAPL files ...
Calling Composer...
C:\ARCHIVOS DE PROGRAMA\CYPRESS\ISR PROGRAMMING SOFTWARE VERSION 3.0\bin\compose.exe "MUX21.cfg" 
STAPL Composer Version 3.0.0.64
Copyright (C) 2000-2001 Cypress Semiconductor

Reading configuration file 'MUX21.cfg' ...
Composing STAPL files ...
  SYSTEM: Composing file 'C:\Mis documentos\Cursos\Lógicos II\SimVHDL\MUX21_vrfy.stp'
  Row  1: Composing file 'C:\Mis documentos\Cursos\Lógicos II\SimVHDL\MUX21_dev1.stp'
Error 5078: the device in the data file 'cy37256p160-83ac' and the device in the config file 'cy37192vp160-66ac' do not match
Composer done, 1 errors, 0 warnings

-- ISR Log File : Wed Feb 27 14:53:48 2002
--
Generating configuration file...
Warning: Row 2 - Device not selected. Skipping this device row.
Warning: Row 3 - Device not selected. Skipping this device row.
Warning: Row 4 - Device not selected. Skipping this device row.
Warning: Row 5 - Device not selected. Skipping this device row.
Error(s) 0, Warning(s) 4

Calling Composer...
C:\ARCHIVOS DE PROGRAMA\CYPRESS\ISR PROGRAMMING SOFTWARE VERSION 3.0\bin\compose.exe "MUX21.cfg" 
STAPL Composer Version 3.0.0.64
Copyright (C) 2000-2001 Cypress Semiconductor

Reading configuration file 'MUX21.cfg' ...
Composing STAPL files ...
  SYSTEM: Composing file 'C:\Mis documentos\Cursos\Lógicos II\SimVHDL\MUX21_vrfy.stp'
  Row  1: Composing file 'C:\Mis documentos\Cursos\Lógicos II\SimVHDL\MUX21_dev1.stp'
Error 5078: the device in the data file 'cy37256vp160-66ac' and the device in the config file 'cy37192vp160-66ac' do not match
Composer done, 1 errors, 0 warnings

-- ISR Log File : Wed Feb 27 14:54:36 2002
--
Calling dependency checker...
C:\ARCHIVOS DE PROGRAMA\CYPRESS\ISR PROGRAMMING SOFTWARE VERSION 3.0\bin\compose.exe -d "MUX21.cfg" 
STAPL Composer Version 3.0.0.64
Copyright (C) 2000-2001 Cypress Semiconductor

Reading configuration file 'MUX21.cfg' ...
Composing STAPL files ...
Calling Composer...
C:\ARCHIVOS DE PROGRAMA\CYPRESS\ISR PROGRAMMING SOFTWARE VERSION 3.0\bin\compose.exe "MUX21.cfg" 
STAPL Composer Version 3.0.0.64
Copyright (C) 2000-2001 Cypress Semiconductor

Reading configuration file 'MUX21.cfg' ...
Composing STAPL files ...
  Row  1: Composing file 'C:\Mis documentos\Cursos\Lógicos II\SimVHDL\MUX21_dev1.stp'
Error 5078: the device in the data file 'cy37256vp160-66ac' and the device in the config file 'cy37192vp160-66ac' do not match
Composer done, 1 errors, 0 warnings

-- ISR Log File : Wed Feb 27 14:55:22 2002
--
Generating configuration file...
Warning: Row 2 - Device not selected. Skipping this device row.
Warning: Row 3 - Device not selected. Skipping this device row.
Warning: Row 4 - Device not selected. Skipping this device row.
Warning: Row 5 - Device not selected. Skipping this device row.
Error(s) 0, Warning(s) 4


-- ISR Log File : Wed Feb 27 14:56:17 2002
--
Calling dependency checker...
C:\ARCHIVOS DE PROGRAMA\CYPRESS\ISR PROGRAMMING SOFTWARE VERSION 3.0\bin\compose.exe -d "MUX21.cfg" 
STAPL Composer Version 3.0.0.64
Copyright (C) 2000-2001 Cypress Semiconductor

Reading configuration file 'MUX21.cfg' ...
Composing STAPL files ...
Calling Player...
C:\ARCHIVOS DE PROGRAMA\CYPRESS\ISR PROGRAMMING SOFTWARE VERSION 3.0\bin\stapl.exe MUX21.ply 
STAPL Player Version 3.0.0, build 64
Copyright (C) 2000-2001 Cypress Semiconductor Corporation

Info: Found ISR device driver version 3.62

Cannot open play file 'MUX21.ply' for reading

-- ISR Log File : Wed Feb 27 14:56:22 2002
--
Calling Composer...
C:\ARCHIVOS DE PROGRAMA\CYPRESS\ISR PROGRAMMING SOFTWARE VERSION 3.0\bin\compose.exe "MUX21.cfg" 
STAPL Composer Version 3.0.0.64
Copyright (C) 2000-2001 Cypress Semiconductor

Reading configuration file 'MUX21.cfg' ...
Composing STAPL files ...
  SYSTEM: Composing file 'C:\Mis documentos\Cursos\Lógicos II\SimVHDL\MUX21_vrfy.stp'
  Row  1: Composing file 'C:\Mis documentos\Cursos\Lógicos II\SimVHDL\MUX21_dev1.stp'
Error 5078: the device in the data file 'cy37256vp160-66ac' and the device in the config file 'cy37192vp160-66ac' do not match
Composer done, 1 errors, 0 warnings

-- ISR Log File : Wed Feb 27 16:10:12 2002
--
Generating configuration file...
Warning: Row 2 - Device not selected. Skipping this device row.
Warning: Row 3 - Device not selected. Skipping this device row.
Warning: Row 4 - Device not selected. Skipping this device row.
Warning: Row 5 - Device not selected. Skipping this device row.
Error(s) 0, Warning(s) 4

Calling dependency checker...
C:\ARCHIVOS DE PROGRAMA\CYPRESS\ISR PROGRAMMING SOFTWARE VERSION 3.0\bin\compose.exe -d "MUX21.cfg" 
STAPL Composer Version 3.0.0.64
Copyright (C) 2000-2001 Cypress Semiconductor

Reading configuration file 'MUX21.cfg' ...
Composing STAPL files ...
Calling Composer...
C:\ARCHIVOS DE PROGRAMA\CYPRESS\ISR PROGRAMMING SOFTWARE VERSION 3.0\bin\compose.exe "MUX21.cfg" 
STAPL Composer Version 3.0.0.64
Copyright (C) 2000-2001 Cypress Semiconductor

Reading configuration file 'MUX21.cfg' ...
Composing STAPL files ...
  SYSTEM: Composing file 'C:\Mis documentos\Cursos\Lógicos II\SimVHDL\MUX21_vrfy.stp'
  Row  1: Composing file 'C:\Mis documentos\Cursos\Lógicos II\SimVHDL\MUX21_dev1.stp'
Composer created 2 stapl file(s) successfully.
Calling Player...
C:\ARCHIVOS DE PROGRAMA\CYPRESS\ISR PROGRAMMING SOFTWARE VERSION 3.0\bin\stapl.exe MUX21.ply 
STAPL Player Version 3.0.0, build 64
Copyright (C) 2000-2001 Cypress Semiconductor Corporation

Error 1073: cannot open ISR port: No ISR board connection found.


-- ISR Log File : Wed Feb 27 16:10:57 2002
--
Calling dependency checker...
C:\ARCHIVOS DE PROGRAMA\CYPRESS\ISR PROGRAMMING SOFTWARE VERSION 3.0\bin\compose.exe -d "MUX21.cfg" 
STAPL Composer Version 3.0.0.64
Copyright (C) 2000-2001 Cypress Semiconductor

Reading configuration file 'MUX21.cfg' ...
Composing STAPL files ...
Calling Player...
C:\ARCHIVOS DE PROGRAMA\CYPRESS\ISR PROGRAMMING SOFTWARE VERSION 3.0\bin\stapl.exe MUX21.ply 
STAPL Player Version 3.0.0, build 64
Copyright (C) 2000-2001 Cypress Semiconductor Corporation

Info: Found ISR device driver version 3.62



Running: stapl -achaincheck "MUX21_vrfy.stp"
    Validating daisy chain connections on the board...
    Daisy chain validation successful.


Running: stapl -aPROGRAM "MUX21_dev1.stp"
Device [1] : CY37256VP160-66AC
    Passed Silicon ID check.
    Setting ISRENABLE to 1...
    Reading program counter...
    Program counter is 1
    Reading program pulse, erase pulse, and margin bits...
    Bulk programming and Erasing device...
    Programming and verifying bitstream...
    Incrementing program counter...
    Programming program counter...
    Error 1136: Failed to program bit# 1 of programcounter
    Setting ISRENABLE to 0...
    PROGRAM & VERIFY operation failed.
Device[1] Done!

-- ISR Log File : Wed Feb 27 16:11:32 2002
--
Calling Composer...
C:\ARCHIVOS DE PROGRAMA\CYPRESS\ISR PROGRAMMING SOFTWARE VERSION 3.0\bin\compose.exe "MUX21.cfg" 
STAPL Composer Version 3.0.0.64
Copyright (C) 2000-2001 Cypress Semiconductor

Reading configuration file 'MUX21.cfg' ...
Composing STAPL files ...
All files are up to date.

-- ISR Log File : Wed Feb 27 16:12:10 2002
--
Generating configuration file...
Warning: Row 2 - Device not selected. Skipping this device row.
Warning: Row 3 - Device not selected. Skipping this device row.
Warning: Row 4 - Device not selected. Skipping this device row.
Warning: Row 5 - Device not selected. Skipping this device row.
Error(s) 0, Warning(s) 4

Calling dependency checker...
C:\ARCHIVOS DE PROGRAMA\CYPRESS\ISR PROGRAMMING SOFTWARE VERSION 3.0\bin\compose.exe -d "MUX21.cfg" 
STAPL Composer Version 3.0.0.64
Copyright (C) 2000-2001 Cypress Semiconductor

Reading configuration file 'MUX21.cfg' ...
Composing STAPL files ...
Calling Composer...
C:\ARCHIVOS DE PROGRAMA\CYPRESS\ISR PROGRAMMING SOFTWARE VERSION 3.0\bin\compose.exe "MUX21.cfg" 
STAPL Composer Version 3.0.0.64
Copyright (C) 2000-2001 Cypress Semiconductor

Reading configuration file 'MUX21.cfg' ...
Composing STAPL files ...
  SYSTEM: Composing file 'C:\Mis documentos\Cursos\Lógicos II\SimVHDL\MUX21_vrfy.stp'
  Row  1: Composing file 'C:\Mis documentos\Cursos\Lógicos II\SimVHDL\MUX21_dev1.stp'
Composer created 2 stapl file(s) successfully.
Calling Player...
C:\ARCHIVOS DE PROGRAMA\CYPRESS\ISR PROGRAMMING SOFTWARE VERSION 3.0\bin\stapl.exe MUX21.ply 
STAPL Player Version 3.0.0, build 64
Copyright (C) 2000-2001 Cypress Semiconductor Corporation

Info: Found ISR device driver version 3.62



Running: stapl -achaincheck "MUX21_vrfy.stp"
    Validating daisy chain connections on the board...
    Daisy chain validation successful.


Running: stapl -aPROGRAM "MUX21_dev1.stp"
Device [1] : CY37256VP160-66AC
    Passed Silicon ID check.
    Setting ISRENABLE to 1...
    Reading program counter...
    Warning: The part has been programmed over 1000 times
    Program counter is 65534
    Reading program pulse, erase pulse, and margin bits...
    Bulk programming and Erasing device...
    Programming and verifying bitstream...
    Incrementing program counter...
    Programming program counter...
    Error 1136: Failed to program bit# 2 of programcounter
    Setting ISRENABLE to 0...
    PROGRAM & VERIFY operation failed.
Device[1] Done!

-- ISR Log File : Wed Feb 27 16:13:29 2002
--
Generating configuration file...
Warning: Row 2 - Device not selected. Skipping this device row.
Warning: Row 3 - Device not selected. Skipping this device row.
Warning: Row 4 - Device not selected. Skipping this device row.
Warning: Row 5 - Device not selected. Skipping this device row.
Error(s) 0, Warning(s) 4

Calling dependency checker...
C:\ARCHIVOS DE PROGRAMA\CYPRESS\ISR PROGRAMMING SOFTWARE VERSION 3.0\bin\compose.exe -d "MUX21.cfg" 
STAPL Composer Version 3.0.0.64
Copyright (C) 2000-2001 Cypress Semiconductor

Reading configuration file 'MUX21.cfg' ...
Composing STAPL files ...
Calling Composer...
C:\ARCHIVOS DE PROGRAMA\CYPRESS\ISR PROGRAMMING SOFTWARE VERSION 3.0\bin\compose.exe "MUX21.cfg" 
STAPL Composer Version 3.0.0.64
Copyright (C) 2000-2001 Cypress Semiconductor

Reading configuration file 'MUX21.cfg' ...
Composing STAPL files ...
  SYSTEM: Composing file 'C:\Mis documentos\Cursos\Lógicos II\SimVHDL\MUX21_vrfy.stp'
  Row  1: Composing file 'C:\Mis documentos\Cursos\Lógicos II\SimVHDL\MUX21_dev1.stp'
Composer created 2 stapl file(s) successfully.
Calling Player...
C:\ARCHIVOS DE PROGRAMA\CYPRESS\ISR PROGRAMMING SOFTWARE VERSION 3.0\bin\stapl.exe MUX21.ply 
STAPL Player Version 3.0.0, build 64
Copyright (C) 2000-2001 Cypress Semiconductor Corporation

Info: Found ISR device driver version 3.62



Running: stapl -achaincheck "MUX21_vrfy.stp"
    Validating daisy chain connections on the board...
    Daisy chain validation successful.


Running: stapl -Eexport -aREAD_DEVICE "MUX21_dev1.stp"
Device [1] : CY37256VP160-66AC
    Passed Silicon ID check.
    Setting ISRENABLE to 1...
    Reading Securitybit...
    Reading device...
    Generating JEDEC file...
    Usercode is: 1111111111111111
    Setting ISRENABLE to 0...
    READ DEVICE operation successful.
Device[1] Done!

-- ISR Log File : Wed Feb 27 16:15:10 2002
--
Generating configuration file...
Warning: Row 2 - Device not selected. Skipping this device row.
Warning: Row 3 - Device not selected. Skipping this device row.
Warning: Row 4 - Device not selected. Skipping this device row.
Error(s) 0, Warning(s) 3


-- ISR Log File : Wed Feb 27 16:15:19 2002
--
Generating configuration file...
Warning: Row 2 - Device not selected. Skipping this device row.
Warning: Row 3 - Device not selected. Skipping this device row.
Warning: Row 4 - Device not selected. Skipping this device row.
Error(s) 0, Warning(s) 3


-- ISR Log File : Wed Feb 27 16:15:34 2002
--
Generating configuration file...
Warning: Row 2 - Device not selected. Skipping this device row.
Warning: Row 3 - Device not selected. Skipping this device row.
Warning: Row 4 - Device not selected. Skipping this device row.
Error(s) 0, Warning(s) 3


-- ISR Log File : Wed Feb 27 16:15:49 2002
--
Calling dependency checker...
C:\ARCHIVOS DE PROGRAMA\CYPRESS\ISR PROGRAMMING SOFTWARE VERSION 3.0\bin\compose.exe -d "MUX21.cfg" 
STAPL Composer Version 3.0.0.64
Copyright (C) 2000-2001 Cypress Semiconductor

Reading configuration file 'MUX21.cfg' ...
Composing STAPL files ...
Calling Composer...
C:\ARCHIVOS DE PROGRAMA\CYPRESS\ISR PROGRAMMING SOFTWARE VERSION 3.0\bin\compose.exe "MUX21.cfg" 
STAPL Composer Version 3.0.0.64
Copyright (C) 2000-2001 Cypress Semiconductor

Reading configuration file 'MUX21.cfg' ...
Composing STAPL files ...
  SYSTEM: Composing file 'C:\Mis documentos\Cursos\Lógicos II\SimVHDL\MUX21_vrfy.stp'
  Row  1: Composing file 'C:\Mis documentos\Cursos\Lógicos II\SimVHDL\MUX21_dev1.stp'
Composer created 2 stapl file(s) successfully.
Calling Player...
C:\ARCHIVOS DE PROGRAMA\CYPRESS\ISR PROGRAMMING SOFTWARE VERSION 3.0\bin\stapl.exe MUX21.ply 
STAPL Player Version 3.0.0, build 64
Copyright (C) 2000-2001 Cypress Semiconductor Corporation

Info: Found ISR device driver version 3.62



Running: stapl -achaincheck "MUX21_vrfy.stp"
    Validating daisy chain connections on the board...
    Daisy chain validation successful.


Running: stapl -aPROGRAM "MUX21_dev1.stp"
Device [1] : CY37256VP160-66AC
    Passed Silicon ID check.
    Setting ISRENABLE to 1...
    Reading program counter...
    Program counter is 0
    Reading program pulse, erase pulse, and margin bits...
    Bulk programming and Erasing device...
    Programming and verifying bitstream...
    Incrementing program counter...
    Programming program counter...
    Error 1136: Failed to program bit# 0 of programcounter
    Setting ISRENABLE to 0...
    PROGRAM & VERIFY operation failed.
Device[1] Done!

-- ISR Log File : Wed Feb 27 16:48:23 2002
--
Generating configuration file...
Warning: Row 2 - Device not selected. Skipping this device row.
Warning: Row 3 - Device not selected. Skipping this device row.
Warning: Row 4 - Device not selected. Skipping this device row.
Error(s) 0, Warning(s) 3

Calling dependency checker...
C:\ARCHIVOS DE PROGRAMA\CYPRESS\ISR PROGRAMMING SOFTWARE VERSION 3.0\bin\compose.exe -d "MUX21.cfg" 
STAPL Composer Version 3.0.0.64
Copyright (C) 2000-2001 Cypress Semiconductor

Reading configuration file 'MUX21.cfg' ...
Composing STAPL files ...
Calling Composer...
C:\ARCHIVOS DE PROGRAMA\CYPRESS\ISR PROGRAMMING SOFTWARE VERSION 3.0\bin\compose.exe "MUX21.cfg" 
STAPL Composer Version 3.0.0.64
Copyright (C) 2000-2001 Cypress Semiconductor

Reading configuration file 'MUX21.cfg' ...
Composing STAPL files ...
  SYSTEM: Composing file 'C:\Mis documentos\Cursos\Lógicos II\SimVHDL\MUX21_vrfy.stp'
  Row  1: Composing file 'C:\Mis documentos\Cursos\Lógicos II\SimVHDL\MUX21_dev1.stp'
Composer created 2 stapl file(s) successfully.
Calling Player...
C:\ARCHIVOS DE PROGRAMA\CYPRESS\ISR PROGRAMMING SOFTWARE VERSION 3.0\bin\stapl.exe MUX21.ply 
STAPL Player Version 3.0.0, build 64
Copyright (C) 2000-2001 Cypress Semiconductor Corporation

Info: Found ISR device driver version 3.62



Running: stapl -achaincheck "MUX21_vrfy.stp"
    Validating daisy chain connections on the board...
    Daisy chain validation successful.


Running: stapl -aPROGRAM "MUX21_dev1.stp"
Device [1] : CY37256VP160-66AC
    Passed Silicon ID check.
    Setting ISRENABLE to 1...
    Reading program counter...
    Warning: The part has been programmed over 1000 times
    Program counter is 65533
    Reading program pulse, erase pulse, and margin bits...
    Bulk programming and Erasing device...
    Programming and verifying bitstream...
    Incrementing program counter...
    Programming program counter...
    Error 1136: Failed to program bit# 10 of programcounter
    Setting ISRENABLE to 0...
    PROGRAM & VERIFY operation failed.
Device[1] Done!

-- ISR Log File : Thu Feb 28 13:52:03 2002
--
Calling dependency checker...
C:\ARCHIVOS DE PROGRAMA\CYPRESS\ISR PROGRAMMING SOFTWARE VERSION 3.0\bin\compose.exe -d "MUX21.cfg" 
STAPL Composer Version 3.0.0.64
Copyright (C) 2000-2001 Cypress Semiconductor

Reading configuration file 'MUX21.cfg' ...
Composing STAPL files ...
Calling Player...
C:\ARCHIVOS DE PROGRAMA\CYPRESS\ISR PROGRAMMING SOFTWARE VERSION 3.0\bin\stapl.exe MUX21.ply 
STAPL Player Version 3.0.0, build 64
Copyright (C) 2000-2001 Cypress Semiconductor Corporation

Info: Found ISR device driver version 3.62



Running: stapl -achaincheck "MUX21_vrfy.stp"
    Validating daisy chain connections on the board...
    Daisy chain validation successful.


Running: stapl -aPROGRAM "MUX21_dev1.stp"
Device [1] : CY37256VP160-66AC
    Passed Silicon ID check.
    Setting ISRENABLE to 1...
    Reading program counter...
    Warning: The part has been programmed over 1000 times
    Program counter is 65534
    Reading program pulse, erase pulse, and margin bits...
    Bulk programming and Erasing device...
    Programming and verifying bitstream...
    Incrementing program counter...
    Programming program counter...
    Error 1136: Failed to program bit# 0 of programcounter
    Setting ISRENABLE to 0...
    PROGRAM & VERIFY operation failed.
Device[1] Done!

-- ISR Log File : Thu Feb 28 13:54:24 2002
--
Calling dependency checker...
C:\ARCHIVOS DE PROGRAMA\CYPRESS\ISR PROGRAMMING SOFTWARE VERSION 3.0\bin\compose.exe -d "MUX21.cfg" 
STAPL Composer Version 3.0.0.64
Copyright (C) 2000-2001 Cypress Semiconductor

Reading configuration file 'MUX21.cfg' ...
Composing STAPL files ...
Calling Player...
C:\ARCHIVOS DE PROGRAMA\CYPRESS\ISR PROGRAMMING SOFTWARE VERSION 3.0\bin\stapl.exe MUX21.ply 
STAPL Player Version 3.0.0, build 64
Copyright (C) 2000-2001 Cypress Semiconductor Corporation

Info: Found ISR device driver version 3.62



Running: stapl -achaincheck "MUX21_vrfy.stp"
    Validating daisy chain connections on the board...
    Daisy chain validation successful.


Running: stapl -aPROGRAM "MUX21_dev1.stp"
Device [1] : CY37256VP160-66AC
    Passed Silicon ID check.
    Setting ISRENABLE to 1...
    Reading program counter...
    Program counter is 0
    Reading program pulse, erase pulse, and margin bits...
    Bulk programming and Erasing device...
    Programming and verifying bitstream...
    Incrementing program counter...
    Programming program counter...
    Programming user code...
    Usercode programmed.
    Verifying high margin...
    Verifying low margin...
    High and Low margins verified.
    Setting ISRENABLE to 0...
    PROGRAM & VERIFY operation successful.
Device[1] Done!

-- ISR Log File : Thu Feb 28 13:54:56 2002
--
Calling dependency checker...
C:\ARCHIVOS DE PROGRAMA\CYPRESS\ISR PROGRAMMING SOFTWARE VERSION 3.0\bin\compose.exe -d "MUX21.cfg" 
STAPL Composer Version 3.0.0.64
Copyright (C) 2000-2001 Cypress Semiconductor

Reading configuration file 'MUX21.cfg' ...
Composing STAPL files ...
Calling Player...
C:\ARCHIVOS DE PROGRAMA\CYPRESS\ISR PROGRAMMING SOFTWARE VERSION 3.0\bin\stapl.exe MUX21.ply 
STAPL Player Version 3.0.0, build 64
Copyright (C) 2000-2001 Cypress Semiconductor Corporation

Info: Found ISR device driver version 3.62



Running: stapl -achaincheck "MUX21_vrfy.stp"
    Validating daisy chain connections on the board...
    Daisy chain validation successful.


Running: stapl -aPROGRAM "MUX21_dev1.stp"
Device [1] : CY37256VP160-66AC
    Passed Silicon ID check.
    Setting ISRENABLE to 1...
    Reading program counter...
    Program counter is 1
    Reading program pulse, erase pulse, and margin bits...
    Bulk programming and Erasing device...
    Programming and verifying bitstream...
    Incrementing program counter...
    Programming program counter...
    Programming user code...
    Usercode programmed.
    Verifying high margin...
    Verifying low margin...
    High and Low margins verified.
    Setting ISRENABLE to 0...
    PROGRAM & VERIFY operation successful.
Device[1] Done!

-- ISR Log File : Thu Feb 28 14:27:02 2002
--
Calling dependency checker...
C:\ARCHIVOS DE PROGRAMA\CYPRESS\ISR PROGRAMMING SOFTWARE VERSION 3.0\bin\compose.exe -d "MUX21.cfg" 
STAPL Composer Version 3.0.0.64
Copyright (C) 2000-2001 Cypress Semiconductor

Reading configuration file 'MUX21.cfg' ...
Composing STAPL files ...
Calling Player...
C:\ARCHIVOS DE PROGRAMA\CYPRESS\ISR PROGRAMMING SOFTWARE VERSION 3.0\bin\stapl.exe MUX21.ply 
STAPL Player Version 3.0.0, build 64
Copyright (C) 2000-2001 Cypress Semiconductor Corporation

Info: Found ISR device driver version 3.62



Running: stapl -achaincheck "MUX21_vrfy.stp"
    Validating daisy chain connections on the board...
    Daisy chain validation successful.


Running: stapl -aPROGRAM "MUX21_dev1.stp"
Device [1] : CY37256VP160-66AC
    Passed Silicon ID check.
    Setting ISRENABLE to 1...
    Reading program counter...
    Program counter is 2
    Reading program pulse, erase pulse, and margin bits...
    Bulk programming and Erasing device...
    Programming and verifying bitstream...
    Incrementing program counter...
    Programming program counter...
    Programming user code...
    Usercode programmed.
    Verifying high margin...
    Verifying low margin...
    High and Low margins verified.
    Setting ISRENABLE to 0...
    PROGRAM & VERIFY operation successful.
Device[1] Done!

-- ISR Log File : Wed Apr 24 15:42:50 2002
--
Generating configuration file...
Warning: Row 2 - Device not selected. Skipping this device row.
Warning: Row 3 - Device not selected. Skipping this device row.
Warning: Row 4 - Device not selected. Skipping this device row.
Error(s) 0, Warning(s) 3

Calling Composer...
C:\ARCHIVOS DE PROGRAMA\CYPRESS\ISR PROGRAMMING SOFTWARE VERSION 3.0\bin\compose.exe "MUX21.cfg" 
STAPL Composer Version 3.0.0.64
Copyright (C) 2000-2001 Cypress Semiconductor

Reading configuration file 'MUX21.cfg' ...
Composing STAPL files ...
  SYSTEM: Composing file 'C:\Mis documentos\Cursos\Lógicos II\SimVHDL\MUX21_vrfy.stp'
  Row  1: Composing file 'C:\Mis documentos\Cursos\Lógicos II\SimVHDL\MUX21_dev1.stp'
Composer created 2 stapl file(s) successfully.

-- ISR Log File : Wed Apr 24 15:43:03 2002
--
Calling dependency checker...
C:\ARCHIVOS DE PROGRAMA\CYPRESS\ISR PROGRAMMING SOFTWARE VERSION 3.0\bin\compose.exe -d "MUX21.cfg" 
STAPL Composer Version 3.0.0.64
Copyright (C) 2000-2001 Cypress Semiconductor

Reading configuration file 'MUX21.cfg' ...
Composing STAPL files ...
Calling Player...
C:\ARCHIVOS DE PROGRAMA\CYPRESS\ISR PROGRAMMING SOFTWARE VERSION 3.0\bin\stapl.exe MUX21.ply 
STAPL Player Version 3.0.0, build 64
Copyright (C) 2000-2001 Cypress Semiconductor Corporation

Info: Found ISR device driver version 3.62



Running: stapl -achaincheck "MUX21_vrfy.stp"
    Validating daisy chain connections on the board...
    Daisy chain validation successful.


Running: stapl -aPROGRAM "MUX21_dev1.stp"
Device [1] : CY37256VP160-66AC
    Passed Silicon ID check.
    Setting ISRENABLE to 1...
    Reading program counter...
    Program counter is 3
    Reading program pulse, erase pulse, and margin bits...
    Bulk programming and Erasing device...
    Programming and verifying bitstream...
    Incrementing program counter...
    Programming program counter...
    Programming user code...
    Usercode programmed.
    Verifying high margin...
    Verifying low margin...
    High and Low margins verified.
    Setting ISRENABLE to 0...
    PROGRAM & VERIFY operation successful.
Device[1] Done!

-- ISR Log File : Wed Apr 24 16:04:36 2002
--
Generating configuration file...
Warning: Row 2 - Device not selected. Skipping this device row.
Warning: Row 3 - Device not selected. Skipping this device row.
Warning: Row 4 - Device not selected. Skipping this device row.
Error(s) 0, Warning(s) 3

Calling Composer...
C:\ARCHIVOS DE PROGRAMA\CYPRESS\ISR PROGRAMMING SOFTWARE VERSION 3.0\bin\compose.exe "MUX21.cfg" 
STAPL Composer Version 3.0.0.64
Copyright (C) 2000-2001 Cypress Semiconductor

Reading configuration file 'MUX21.cfg' ...
Composing STAPL files ...
  SYSTEM: Composing file 'C:\Mis documentos\Cursos\Lógicos II\SimVHDL\MUX21_vrfy.stp'
  Row  1: Composing file 'C:\Mis documentos\Cursos\Lógicos II\SimVHDL\MUX21_dev1.stp'
Composer created 2 stapl file(s) successfully.

-- ISR Log File : Wed Apr 24 16:04:41 2002
--
Calling dependency checker...
C:\ARCHIVOS DE PROGRAMA\CYPRESS\ISR PROGRAMMING SOFTWARE VERSION 3.0\bin\compose.exe -d "MUX21.cfg" 
STAPL Composer Version 3.0.0.64
Copyright (C) 2000-2001 Cypress Semiconductor

Reading configuration file 'MUX21.cfg' ...
Composing STAPL files ...
Calling Player...
C:\ARCHIVOS DE PROGRAMA\CYPRESS\ISR PROGRAMMING SOFTWARE VERSION 3.0\bin\stapl.exe MUX21.ply 
STAPL Player Version 3.0.0, build 64
Copyright (C) 2000-2001 Cypress Semiconductor Corporation

Info: Found ISR device driver version 3.62



Running: stapl -achaincheck "MUX21_vrfy.stp"
    Validating daisy chain connections on the board...
    Daisy chain validation successful.


Running: stapl -aPROGRAM "MUX21_dev1.stp"
Device [1] : CY37256VP160-66AC
    Passed Silicon ID check.
    Setting ISRENABLE to 1...
    Reading program counter...
    Program counter is 4
    Reading program pulse, erase pulse, and margin bits...
    Bulk programming and Erasing device...
    Programming and verifying bitstream...
    Incrementing program counter...
    Programming program counter...
    Programming user code...
    Usercode programmed.
    Verifying high margin...
    Verifying low margin...
    High and Low margins verified.
    Setting ISRENABLE to 0...
    PROGRAM & VERIFY operation successful.
Device[1] Done!

-- ISR Log File : Thu Aug 15 11:47:20 2002
--
Calling Composer...
C:\ARCHIVOS DE PROGRAMA\CYPRESS\ISR PROGRAMMING SOFTWARE VERSION 3.0\bin\compose.exe "MUX21.cfg" 
STAPL Composer Version 3.0.0.64
Copyright (C) 2000-2001 Cypress Semiconductor

Reading configuration file 'MUX21.cfg' ...
Composing STAPL files ...
All files are up to date.

-- ISR Log File : Thu Aug 15 11:47:24 2002
--
Calling dependency checker...
C:\ARCHIVOS DE PROGRAMA\CYPRESS\ISR PROGRAMMING SOFTWARE VERSION 3.0\bin\compose.exe -d "MUX21.cfg" 
STAPL Composer Version 3.0.0.64
Copyright (C) 2000-2001 Cypress Semiconductor

Reading configuration file 'MUX21.cfg' ...
Composing STAPL files ...
Calling Player...
C:\ARCHIVOS DE PROGRAMA\CYPRESS\ISR PROGRAMMING SOFTWARE VERSION 3.0\bin\stapl.exe MUX21.ply 
STAPL Player Version 3.0.0, build 64
Copyright (C) 2000-2001 Cypress Semiconductor Corporation

Info: Found ISR device driver version 3.62



Running: stapl -achaincheck "MUX21_vrfy.stp"
    Validating daisy chain connections on the board...
    Daisy chain validation successful.


Running: stapl -aPROGRAM "MUX21_dev1.stp"
Device [1] : CY37256VP160-66AC
    Passed Silicon ID check.
    Setting ISRENABLE to 1...
    Reading program counter...
    Program counter is 10
    Reading program pulse, erase pulse, and margin bits...
    Bulk programming and Erasing device...
    Programming and verifying bitstream...
    Incrementing program counter...
    Programming program counter...
    Programming user code...
    Usercode programmed.
    Verifying high margin...
    Verifying low margin...
    High and Low margins verified.
    Setting ISRENABLE to 0...
    PROGRAM & VERIFY operation successful.
Device[1] Done!
